[2012-08-25 15:52:54,895] [DEBUG] views.py:index:9 Logging test.
[2012-08-25 15:54:04,779] [DEBUG] views.py:index:9 Logging test.
[2012-08-25 15:54:24,644] [DEBUG] views.py:index:9 Logging test.
[2012-08-25 15:55:47,617] [DEBUG] views.py:index:9 Logging test.
[2012-08-25 15:56:31,502] [DEBUG] views.py:index:9 Logging test.
[2012-08-25 15:59:17,155] [DEBUG] views.py:index:9 Logging test.
[2012-08-25 15:59:26,516] [DEBUG] views.py:index:9 Logging test.
[2012-08-25 15:59:49,525] [DEBUG] views.py:index:9 Logging test.
[2012-08-25 16:07:18,684] [DEBUG] views.py:index:9 Logging test.
[2012-08-25 16:12:23,905] [DEBUG] views.py:index:9 Logging test.
[2012-08-25 16:29:25,733] [DEBUG] views.py:index:9 Logging test.
[2012-08-25 16:48:47,470] [DEBUG] views.py:index:9 Logging test.
[2012-08-25 16:54:01,272] [DEBUG] views.py:index:9 Logging test.
[2012-08-25 16:54:22,585] [DEBUG] views.py:index:9 Logging test.
[2012-08-25 16:55:02,203] [DEBUG] views.py:index:9 Logging test.
[2012-08-25 17:16:37,448] [DEBUG] views.py:index:9 Logging test.
[2012-08-25 17:32:47,589] [DEBUG] views.py:index:9 Logging test.
[2012-08-25 18:42:31,079] [DEBUG] views.py:index:9 Logging test.
[2012-08-25 19:19:05,545] [DEBUG] views.py:index:9 Logging test.
[2012-08-25 19:28:53,506] [DEBUG] views.py:index:9 Logging test.
[2012-08-25 19:57:23,335] [DEBUG] views.py:index:9 Logging test.
[2012-08-25 20:09:48,095] [DEBUG] views.py:index:9 Logging test.
[2012-08-25 20:10:54,898] [DEBUG] views.py:index:9 Logging test.
[2012-08-25 20:20:04,977] [DEBUG] views.py:index:9 Logging test.
[2012-08-25 20:26:22,964] [DEBUG] views.py:index:9 Logging test.
[2012-08-25 20:26:49,573] [DEBUG] views.py:post_handler:14 post handler.
[2012-08-25 20:27:53,618] [DEBUG] views.py:index:9 Logging test.
[2012-08-25 20:29:38,882] [DEBUG] views.py:post_handler:15 post handler.
[2012-08-25 20:30:11,082] [DEBUG] views.py:post_handler:15 post handler.
[2012-08-25 20:32:11,413] [DEBUG] views.py:index:10 Logging test.
[2012-08-25 20:32:24,841] [DEBUG] views.py:index:10 Logging test.
[2012-08-25 20:39:02,634] [DEBUG] views.py:index:10 Logging test.
[2012-08-25 20:39:03,752] [DEBUG] views.py:post_handler:15 post handler.
[2012-08-25 20:39:09,645] [DEBUG] views.py:post_handler:15 post handler.
[2012-08-25 20:39:44,167] [DEBUG] views.py:post_handler:15 post handler.
[2012-08-25 20:40:29,214] [DEBUG] views.py:index:10 Logging test.
[2012-08-25 20:40:30,174] [DEBUG] views.py:post_handler:15 post handler.
[2012-08-25 20:42:15,328] [DEBUG] views.py:index:10 Logging test.
[2012-08-25 20:42:16,388] [DEBUG] views.py:post_handler:15 post handler.
[2012-08-25 20:42:17,293] [DEBUG] views.py:post_handler:15 post handler.
[2012-08-25 20:42:52,022] [DEBUG] views.py:index:10 Logging test.
[2012-08-25 20:42:53,608] [DEBUG] views.py:post_handler:15 post handler.
[2012-08-25 20:43:10,812] [DEBUG] views.py:post_handler:15 post handler.
[2012-08-25 20:45:51,426] [DEBUG] views.py:index:10 Logging test.
[2012-08-25 20:46:11,443] [DEBUG] views.py:index:10 Logging test.
[2012-08-25 20:46:12,204] [DEBUG] views.py:post_handler:15 post handler.
[2012-08-25 20:48:30,286] [DEBUG] views.py:index:10 Logging test.
[2012-08-25 20:49:37,528] [DEBUG] views.py:index:10 Logging test.
[2012-08-25 20:49:38,346] [DEBUG] views.py:post_handler:15 post handler.
[2012-08-25 20:51:54,211] [DEBUG] views.py:post_handler:15 post handler.
[2012-08-25 20:51:55,790] [DEBUG] views.py:index:10 Logging test.
[2012-08-25 20:51:56,572] [DEBUG] views.py:post_handler:15 post handler.
[2012-08-25 20:52:18,604] [DEBUG] views.py:post_handler:15 post handler.
[2012-08-25 20:52:19,315] [DEBUG] views.py:post_handler:15 post handler.
[2012-08-25 20:52:20,035] [DEBUG] views.py:post_handler:15 post handler.
[2012-08-25 20:52:20,266] [DEBUG] views.py:post_handler:15 post handler.
[2012-08-25 20:52:20,466] [DEBUG] views.py:post_handler:15 post handler.
[2012-08-25 20:53:15,563] [DEBUG] views.py:index:10 Logging test.
[2012-08-25 20:53:16,332] [DEBUG] views.py:post_handler:15 post handler.
[2012-08-25 20:53:22,842] [DEBUG] views.py:index:10 Logging test.
[2012-08-25 20:53:23,713] [DEBUG] views.py:post_handler:15 post handler.
[2012-08-25 20:53:32,088] [DEBUG] views.py:index:10 Logging test.
[2012-08-25 20:53:33,299] [DEBUG] views.py:post_handler:15 post handler.
[2012-08-25 22:49:43,979] [DEBUG] views.py:index:10 Logging test.
[2012-08-25 22:49:45,677] [DEBUG] views.py:post_handler:15 post handler.
[2012-08-25 22:55:24,819] [DEBUG] views.py:index:10 index requested.
[2012-08-25 22:57:17,476] [DEBUG] views.py:index:10 index requested.
[2012-08-25 22:57:18,461] [DEBUG] views.py:data_handler:16 data_handler called.
[2012-08-25 23:00:25,936] [DEBUG] views.py:index:10 index requested.
[2012-08-25 23:01:00,456] [DEBUG] views.py:index:10 index requested.
[2012-08-25 23:01:02,697] [DEBUG] views.py:data_handler:16 data_handler called.
[2012-08-25 23:01:09,128] [DEBUG] views.py:data_handler:16 data_handler called.
[2012-08-25 23:07:12,617] [DEBUG] views.py:index:11 index requested.
[2012-08-25 23:07:14,283] [DEBUG] views.py:data_handler:17 data_handler called.
[2012-08-25 23:07:30,956] [DEBUG] views.py:index:11 index requested.
[2012-08-25 23:07:31,723] [DEBUG] views.py:data_handler:17 data_handler called.
[2012-08-25 23:08:34,507] [DEBUG] views.py:index:11 index requested.
[2012-08-25 23:08:36,346] [DEBUG] views.py:data_handler:17 data_handler called.
[2012-08-25 23:08:39,707] [DEBUG] views.py:data_handler:17 data_handler called.
[2012-08-25 23:08:42,217] [DEBUG] views.py:data_handler:17 data_handler called.
[2012-08-25 23:15:52,987] [DEBUG] views.py:index:11 index requested.
[2012-08-25 23:15:53,970] [DEBUG] views.py:data_handler:17 data_handler called.
[2012-08-25 23:16:05,434] [DEBUG] views.py:index:11 index requested.
[2012-08-25 23:16:06,269] [DEBUG] views.py:data_handler:17 data_handler called.
[2012-08-25 23:32:52,450] [DEBUG] views.py:data_handler:18 data_handler called.
[2012-08-25 23:33:21,434] [DEBUG] views.py:index:12 index requested.
[2012-08-25 23:33:22,321] [DEBUG] views.py:data_handler:18 data_handler called.
[2012-08-25 23:33:25,724] [DEBUG] views.py:data_handler:18 data_handler called.
[2012-08-25 23:36:53,430] [DEBUG] views.py:index:12 index requested.
[2012-08-25 23:36:54,424] [DEBUG] views.py:data_handler:18 data_handler called.
[2012-08-25 23:37:11,799] [DEBUG] views.py:index:12 index requested.
[2012-08-25 23:37:12,677] [DEBUG] views.py:data_handler:18 data_handler called.
[2012-08-25 23:38:30,681] [DEBUG] views.py:index:12 index requested.
[2012-08-25 23:38:31,950] [DEBUG] views.py:data_handler:18 data_handler called.
[2012-08-25 23:39:10,923] [DEBUG] views.py:index:12 index requested.
[2012-08-25 23:39:12,405] [DEBUG] views.py:data_handler:18 data_handler called.
[2012-08-25 23:39:31,270] [DEBUG] views.py:data_handler:18 data_handler called.
[2012-08-25 23:42:17,318] [DEBUG] views.py:index:12 index requested.
[2012-08-25 23:42:18,805] [DEBUG] views.py:data_handler:18 data_handler called.
[2012-08-25 23:42:35,309] [DEBUG] views.py:data_handler:18 data_handler called.
[2012-08-25 23:58:05,697] [DEBUG] views.py:index:12 index requested.
[2012-08-25 23:58:07,042] [DEBUG] views.py:data_handler:18 data_handler called.
[2012-08-26 00:18:04,457] [DEBUG] views.py:data_handler:18 data_handler called.
[2012-08-26 00:19:44,046] [DEBUG] views.py:index:12 index requested.
[2012-08-26 00:19:45,477] [DEBUG] views.py:data_handler:18 data_handler called.
[2012-08-26 00:34:41,723] [DEBUG] views.py:index:13 index requested.
[2012-08-26 00:34:42,844] [DEBUG] views.py:data_handler:19 data_handler called.
[2012-08-26 00:35:01,357] [DEBUG] views.py:data_handler:19 data_handler called.
[2012-08-26 00:40:10,753] [DEBUG] views.py:index:13 index requested.
[2012-08-26 00:40:35,315] [DEBUG] views.py:index:13 index requested.
[2012-08-26 00:40:43,944] [DEBUG] views.py:index:13 index requested.
[2012-08-26 00:40:45,187] [DEBUG] views.py:data_handler:19 data_handler called.
[2012-08-26 00:40:48,697] [DEBUG] views.py:data_handler:19 data_handler called.
[2012-08-26 00:42:02,750] [DEBUG] views.py:index:13 index requested.
[2012-08-26 00:42:19,009] [DEBUG] views.py:index:13 index requested.
[2012-08-26 00:42:29,582] [DEBUG] views.py:index:13 index requested.
[2012-08-26 00:42:30,259] [DEBUG] views.py:data_handler:19 data_handler called.
[2012-08-26 00:43:11,526] [DEBUG] views.py:index:13 index requested.
[2012-08-26 00:43:13,490] [DEBUG] views.py:data_handler:19 data_handler called.
[2012-08-26 00:43:40,619] [DEBUG] views.py:index:13 index requested.
[2012-08-26 00:43:42,124] [DEBUG] views.py:data_handler:19 data_handler called.
[2012-08-26 00:44:01,546] [DEBUG] views.py:index:13 index requested.
[2012-08-26 00:44:03,243] [DEBUG] views.py:data_handler:19 data_handler called.
[2012-08-26 00:49:24,497] [DEBUG] views.py:index:13 index requested.
[2012-08-26 00:49:25,520] [DEBUG] views.py:data_handler:19 data_handler called.
[2012-08-26 00:50:48,937] [DEBUG] views.py:index:13 index requested.
[2012-08-26 00:50:49,704] [DEBUG] views.py:data_handler:19 data_handler called.
[2012-08-26 00:51:10,502] [DEBUG] views.py:index:13 index requested.
[2012-08-26 00:51:11,249] [DEBUG] views.py:data_handler:19 data_handler called.
[2012-08-26 00:51:45,119] [DEBUG] views.py:index:13 index requested.
[2012-08-26 00:51:46,209] [DEBUG] views.py:data_handler:19 data_handler called.
[2012-08-26 00:54:37,536] [DEBUG] views.py:index:13 index requested.
[2012-08-26 00:55:06,318] [DEBUG] views.py:index:13 index requested.
[2012-08-26 00:55:07,095] [DEBUG] views.py:data_handler:19 data_handler called.
[2012-08-26 00:57:51,365] [DEBUG] views.py:index:13 index requested.
[2012-08-26 00:57:52,368] [DEBUG] views.py:data_handler:19 data_handler called.
[2012-08-26 00:58:49,194] [DEBUG] views.py:index:13 index requested.
[2012-08-26 00:58:49,881] [DEBUG] views.py:data_handler:19 data_handler called.
[2012-08-26 00:59:21,700] [DEBUG] views.py:index:13 index requested.
[2012-08-26 00:59:22,494] [DEBUG] views.py:data_handler:19 data_handler called.
[2012-08-26 00:59:48,211] [DEBUG] views.py:index:13 index requested.
[2012-08-26 00:59:49,128] [DEBUG] views.py:data_handler:19 data_handler called.
[2012-08-26 01:00:23,648] [DEBUG] views.py:index:13 index requested.
[2012-08-26 01:00:52,502] [DEBUG] views.py:index:13 index requested.
[2012-08-26 01:01:34,003] [DEBUG] views.py:index:13 index requested.
[2012-08-26 01:02:02,421] [DEBUG] views.py:index:13 index requested.
[2012-08-26 01:02:03,190] [DEBUG] views.py:data_handler:19 data_handler called.
[2012-08-26 01:03:02,546] [DEBUG] views.py:index:13 index requested.
[2012-08-26 01:03:03,296] [DEBUG] views.py:data_handler:19 data_handler called.
[2012-08-26 01:04:24,171] [DEBUG] views.py:index:13 index requested.
[2012-08-26 01:04:25,246] [DEBUG] views.py:data_handler:19 data_handler called.
[2012-08-26 01:04:41,769] [DEBUG] views.py:index:13 index requested.
[2012-08-26 01:04:42,677] [DEBUG] views.py:data_handler:19 data_handler called.
[2012-08-26 01:05:49,395] [DEBUG] views.py:index:13 index requested.
[2012-08-26 01:05:50,316] [DEBUG] views.py:data_handler:19 data_handler called.
[2012-08-26 01:11:05,904] [DEBUG] views.py:index:13 index requested.
[2012-08-26 01:11:08,259] [DEBUG] views.py:data_handler:19 data_handler called.
[2012-08-26 01:12:19,805] [DEBUG] views.py:index:13 index requested.
[2012-08-26 01:12:31,148] [DEBUG] views.py:data_handler:19 data_handler called.
[2012-08-26 01:14:00,092] [DEBUG] views.py:index:13 index requested.
[2012-08-26 01:14:00,907] [DEBUG] views.py:data_handler:19 data_handler called.
[2012-08-26 01:26:39,855] [DEBUG] views.py:index:13 index requested.
[2012-08-26 01:26:40,713] [DEBUG] views.py:data_handler:19 data_handler called.
[2012-08-27 14:21:34,201] [DEBUG] views.py:index:13 index requested.
[2012-08-27 14:21:37,990] [DEBUG] views.py:data_handler:19 data_handler called.
[2012-08-27 14:22:02,979] [DEBUG] views.py:data_handler:19 data_handler called.
[2012-08-27 14:23:19,608] [DEBUG] views.py:index:13 index requested.
[2012-08-27 14:24:07,447] [DEBUG] views.py:data_handler:19 data_handler called.
[2012-08-27 14:25:00,344] [DEBUG] views.py:data_handler:19 data_handler called.
[2012-08-27 14:25:23,640] [DEBUG] views.py:data_handler:19 data_handler called.
[2012-08-27 14:34:46,677] [DEBUG] views.py:index:13 index requested.
[2012-08-27 14:34:52,302] [DEBUG] views.py:data_handler:19 data_handler called.
[2012-08-27 14:35:26,454] [DEBUG] views.py:index:13 index requested.
[2012-08-27 14:35:28,293] [DEBUG] views.py:data_handler:19 data_handler called.
[2012-08-27 14:36:41,085] [DEBUG] views.py:index:13 index requested.
[2012-08-27 14:36:48,581] [DEBUG] views.py:data_handler:19 data_handler called.
[2012-08-27 14:37:47,269] [DEBUG] views.py:index:13 index requested.
[2012-08-27 14:37:48,769] [DEBUG] views.py:data_handler:19 data_handler called.
[2012-08-27 14:38:19,719] [DEBUG] views.py:index:13 index requested.
[2012-08-27 14:38:21,928] [DEBUG] views.py:data_handler:19 data_handler called.
[2012-08-27 14:39:21,517] [DEBUG] views.py:index:13 index requested.
[2012-08-27 14:39:22,572] [DEBUG] views.py:data_handler:19 data_handler called.
[2012-08-27 14:39:27,272] [DEBUG] views.py:data_handler:19 data_handler called.
[2012-08-27 14:40:45,621] [DEBUG] views.py:index:13 index requested.
[2012-08-27 14:40:47,543] [DEBUG] views.py:data_handler:19 data_handler called.
[2012-08-27 14:41:01,323] [DEBUG] views.py:index:13 index requested.
[2012-08-27 14:41:03,000] [DEBUG] views.py:data_handler:19 data_handler called.
[2012-08-27 14:41:12,394] [DEBUG] views.py:data_handler:19 data_handler called.
[2012-08-27 14:42:12,381] [DEBUG] views.py:index:13 index requested.
[2012-08-27 14:42:13,492] [DEBUG] views.py:data_handler:19 data_handler called.
[2012-08-27 14:43:20,334] [DEBUG] views.py:index:13 index requested.
[2012-08-27 14:43:21,897] [DEBUG] views.py:data_handler:19 data_handler called.
[2012-08-27 14:44:35,183] [DEBUG] views.py:index:13 index requested.
[2012-08-27 14:44:37,914] [DEBUG] views.py:data_handler:19 data_handler called.
[2012-08-27 14:44:59,983] [DEBUG] views.py:index:13 index requested.
[2012-08-27 14:45:01,766] [DEBUG] views.py:data_handler:19 data_handler called.
[2012-08-27 14:45:36,447] [DEBUG] views.py:index:13 index requested.
[2012-08-27 14:45:38,375] [DEBUG] views.py:data_handler:19 data_handler called.
[2012-08-27 14:45:58,983] [DEBUG] views.py:index:13 index requested.
[2012-08-27 14:46:00,253] [DEBUG] views.py:data_handler:19 data_handler called.
[2012-08-27 14:46:25,509] [DEBUG] views.py:index:13 index requested.
[2012-08-27 14:46:26,871] [DEBUG] views.py:data_handler:19 data_handler called.
[2012-08-27 14:46:33,694] [DEBUG] views.py:data_handler:19 data_handler called.
[2012-09-02 11:19:57,601] [DEBUG] views.py:index:13 index requested.
[2012-09-02 11:20:48,092] [DEBUG] views.py:index:13 index requested.
[2012-09-02 11:31:31,382] [DEBUG] views.py:data_handler:19 data_handler called.
[2012-09-02 11:31:42,450] [DEBUG] views.py:data_handler:19 data_handler called.
[2012-09-02 11:31:53,092] [DEBUG] views.py:data_handler:19 data_handler called.
[2012-09-02 11:31:55,931] [DEBUG] views.py:data_handler:19 data_handler called.
[2012-09-02 11:32:02,315] [DEBUG] views.py:data_handler:19 data_handler called.
[2012-09-02 11:32:05,940] [DEBUG] views.py:data_handler:19 data_handler called.
[2012-09-02 11:50:45,233] [DEBUG] views.py:data_handler:19 data_handler called.
[2012-09-02 11:50:49,565] [DEBUG] views.py:index:13 index requested.
[2012-09-02 11:50:52,944] [DEBUG] views.py:data_handler:19 data_handler called.
[2012-09-02 11:57:08,792] [DEBUG] views.py:data_handler:19 data_handler called.
[2012-09-02 11:57:14,078] [DEBUG] views.py:data_handler:19 data_handler called.
[2012-09-02 12:02:21,473] [DEBUG] views.py:data_handler:19 data_handler called.
[2012-09-04 18:47:05,226] [DEBUG] views.py:index:13 index requested.
[2012-09-04 18:47:38,345] [DEBUG] views.py:index:13 index requested.
[2013-01-25 10:05:07,387] [DEBUG] views.py:index:13 index requested.
[2013-01-25 10:05:20,078] [DEBUG] views.py:data_handler:19 data_handler called.
[2013-01-25 10:05:51,572] [DEBUG] views.py:data_handler:19 data_handler called.
[2013-01-25 10:06:44,269] [DEBUG] views.py:data_handler:19 data_handler called.
[2013-03-09 19:47:54,007] [DEBUG] views.py:index:13 index requested.
[2013-03-09 19:47:57,563] [DEBUG] views.py:data_handler:19 data_handler called.
[2013-03-09 19:48:02,811] [DEBUG] views.py:data_handler:19 data_handler called.
[2013-03-09 19:48:07,105] [DEBUG] views.py:data_handler:19 data_handler called.
[2013-03-09 19:50:57,164] [DEBUG] views.py:index:13 index requested.
[2013-03-09 19:50:59,460] [DEBUG] views.py:data_handler:19 data_handler called.
[2013-03-09 19:52:40,515] [DEBUG] views.py:data_handler:19 data_handler called.
[2013-03-09 19:52:44,538] [DEBUG] views.py:data_handler:19 data_handler called.
[2013-03-09 19:52:49,881] [DEBUG] views.py:data_handler:19 data_handler called.
[2013-03-09 22:53:46,292] [DEBUG] views.py:index:13 index requested.
[2013-03-09 22:53:48,517] [DEBUG] views.py:data_handler:19 data_handler called.
[2013-03-09 22:54:15,142] [DEBUG] views.py:data_handler:19 data_handler called.
[2013-03-09 22:54:21,157] [DEBUG] views.py:data_handler:19 data_handler called.
[2013-03-11 09:26:41,145] [DEBUG] views.py:index:13 index requested.
[2013-03-11 09:26:44,563] [DEBUG] views.py:data_handler:19 data_handler called.
[2013-03-11 09:27:23,355] [DEBUG] views.py:data_handler:19 data_handler called.
[2013-03-16 23:19:04,667] [DEBUG] sensor_data_gatherer.py:<module>:9 testing
[2013-03-17 10:01:39,144] [DEBUG] views.py:index:13 index requested.
[2013-03-17 10:01:59,138] [DEBUG] views.py:data_handler:19 data_handler called.
[2013-03-17 10:02:55,900] [DEBUG] views.py:index:13 index requested.
[2013-03-17 10:03:01,256] [DEBUG] views.py:data_handler:19 data_handler called.
[2013-03-17 10:03:25,167] [DEBUG] views.py:data_handler:19 data_handler called.
[2013-03-17 10:03:36,013] [DEBUG] views.py:data_handler:19 data_handler called.
[2013-03-17 10:07:30,934] [DEBUG] views.py:index:13 index requested.
[2013-03-17 10:10:19,029] [DEBUG] views.py:index:13 index requested.
[2013-03-17 10:10:22,319] [DEBUG] views.py:data_handler:19 data_handler called.
[2013-03-17 10:19:41,049] [DEBUG] views.py:index:13 index requested.
[2013-03-17 10:19:42,950] [DEBUG] views.py:data_handler:19 data_handler called.
[2013-03-17 10:20:27,440] [DEBUG] views.py:index:13 index requested.
[2013-03-17 10:20:28,615] [DEBUG] views.py:data_handler:19 data_handler called.
[2013-03-17 10:27:13,483] [DEBUG] views.py:index:13 index requested.
[2013-03-17 10:27:15,109] [DEBUG] views.py:data_handler:19 data_handler called.
[2013-03-17 10:31:46,811] [DEBUG] views.py:index:13 index requested.
[2013-03-17 10:31:48,049] [DEBUG] views.py:data_handler:19 data_handler called.
[2013-03-17 10:32:42,260] [DEBUG] views.py:index:13 index requested.
[2013-03-17 10:32:43,398] [DEBUG] views.py:data_handler:19 data_handler called.
[2013-03-17 10:32:51,536] [DEBUG] views.py:data_handler:19 data_handler called.
[2013-03-17 10:37:29,823] [DEBUG] views.py:index:13 index requested.
[2013-03-17 10:37:31,029] [DEBUG] views.py:data_handler:19 data_handler called.
[2013-03-17 10:45:51,963] [DEBUG] views.py:index:13 index requested.
[2013-03-17 10:45:53,470] [DEBUG] views.py:data_handler:19 data_handler called.
[2013-03-17 10:45:56,290] [DEBUG] views.py:data_handler:19 data_handler called.
[2013-03-17 10:46:16,653] [DEBUG] views.py:data_handler:19 data_handler called.
[2013-03-17 10:52:12,361] [DEBUG] views.py:index:13 index requested.
[2013-03-17 10:52:15,428] [DEBUG] views.py:data_handler:19 data_handler called.
[2013-03-17 10:54:38,089] [DEBUG] views.py:index:13 index requested.
[2013-03-17 10:54:39,677] [DEBUG] views.py:data_handler:19 data_handler called.
[2013-03-17 10:55:54,433] [DEBUG] views.py:index:13 index requested.
[2013-03-17 10:55:55,451] [DEBUG] views.py:data_handler:19 data_handler called.
[2013-03-17 11:04:38,051] [DEBUG] views.py:index:13 index requested.
[2013-03-17 11:04:39,325] [DEBUG] views.py:data_handler:19 data_handler called.
[2013-03-17 11:04:50,250] [DEBUG] views.py:index:13 index requested.
[2013-03-17 11:04:51,628] [DEBUG] views.py:data_handler:19 data_handler called.
[2013-03-17 11:11:32,233] [DEBUG] views.py:index:13 index requested.
[2013-03-17 11:11:33,677] [DEBUG] views.py:data_handler:19 data_handler called.
[2013-03-17 11:11:39,088] [DEBUG] views.py:data_handler:19 data_handler called.
[2013-03-17 11:12:26,697] [DEBUG] views.py:index:13 index requested.
[2013-03-17 11:12:28,108] [DEBUG] views.py:data_handler:19 data_handler called.
[2013-03-17 11:13:06,312] [DEBUG] views.py:index:13 index requested.
[2013-03-17 11:13:07,299] [DEBUG] views.py:data_handler:19 data_handler called.
[2013-03-17 11:15:04,331] [DEBUG] views.py:index:13 index requested.
[2013-03-17 11:15:05,299] [DEBUG] views.py:data_handler:19 data_handler called.
[2013-03-17 11:15:57,312] [DEBUG] views.py:index:13 index requested.
[2013-03-17 11:16:01,075] [DEBUG] views.py:data_handler:19 data_handler called.
[2013-03-17 11:19:06,321] [DEBUG] views.py:index:13 index requested.
[2013-03-17 11:19:07,451] [DEBUG] views.py:data_handler:19 data_handler called.
[2013-03-17 11:19:52,976] [DEBUG] views.py:index:13 index requested.
[2013-03-17 11:19:54,108] [DEBUG] views.py:data_handler:19 data_handler called.
[2013-03-17 11:20:45,092] [DEBUG] views.py:data_handler:19 data_handler called.
[2013-03-17 11:21:31,993] [DEBUG] views.py:data_handler:19 data_handler called.
[2013-03-17 11:22:06,585] [DEBUG] views.py:index:13 index requested.
[2013-03-17 11:22:07,497] [DEBUG] views.py:data_handler:19 data_handler called.
[2013-03-17 11:25:09,170] [DEBUG] views.py:index:13 index requested.
[2013-03-17 11:25:10,357] [DEBUG] views.py:data_handler:19 data_handler called.
[2013-03-17 11:25:50,687] [DEBUG] views.py:index:13 index requested.
[2013-03-17 11:25:54,187] [DEBUG] views.py:data_handler:19 data_handler called.
[2013-03-17 11:29:51,151] [DEBUG] views.py:index:13 index requested.
[2013-03-17 11:29:55,533] [DEBUG] views.py:data_handler:19 data_handler called.
[2013-03-17 11:30:14,272] [DEBUG] views.py:index:13 index requested.
[2013-03-17 11:30:15,618] [DEBUG] views.py:data_handler:19 data_handler called.
[2013-03-17 11:31:43,607] [DEBUG] views.py:index:13 index requested.
[2013-03-17 11:31:45,075] [DEBUG] views.py:data_handler:19 data_handler called.
[2013-03-17 11:32:00,326] [DEBUG] views.py:index:13 index requested.
[2013-03-17 11:32:01,499] [DEBUG] views.py:data_handler:19 data_handler called.
[2013-03-17 11:35:44,447] [DEBUG] views.py:index:13 index requested.
[2013-03-17 11:35:45,380] [DEBUG] views.py:data_handler:19 data_handler called.
[2013-03-17 11:37:07,496] [DEBUG] views.py:index:13 index requested.
[2013-03-17 11:37:11,634] [DEBUG] views.py:data_handler:19 data_handler called.
[2013-03-17 11:38:38,783] [DEBUG] views.py:index:13 index requested.
[2013-03-17 11:38:39,914] [DEBUG] views.py:data_handler:19 data_handler called.
[2013-03-17 11:38:47,418] [DEBUG] views.py:data_handler:19 data_handler called.
[2013-03-17 11:40:27,927] [DEBUG] views.py:data_handler:19 data_handler called.
[2013-03-17 13:05:00,923] [DEBUG] views.py:index:13 index requested.
[2013-03-17 13:10:05,588] [DEBUG] views.py:index:13 index requested.
[2013-03-17 13:10:34,073] [DEBUG] views.py:index:13 index requested.
[2013-03-17 13:11:32,101] [DEBUG] views.py:index:13 index requested.
[2013-03-17 13:15:31,433] [DEBUG] views.py:index:13 index requested.
[2013-03-17 13:16:18,450] [DEBUG] views.py:index:13 index requested.
[2013-03-17 13:16:52,809] [DEBUG] views.py:index:13 index requested.
[2013-03-17 13:17:50,361] [DEBUG] views.py:index:13 index requested.
[2013-03-17 13:20:06,601] [DEBUG] views.py:index:13 index requested.
[2013-03-17 13:22:31,595] [DEBUG] views.py:index:13 index requested.
[2013-03-17 13:22:59,736] [DEBUG] views.py:data_handler:19 data_handler called.
[2013-03-17 13:58:38,259] [DEBUG] views.py:index:13 index requested.
[2013-03-17 13:58:41,053] [DEBUG] views.py:data_handler:19 data_handler called.
[2013-03-17 13:59:05,121] [DEBUG] views.py:index:13 index requested.
[2013-03-17 13:59:06,355] [DEBUG] views.py:data_handler:19 data_handler called.
[2013-03-17 13:59:56,766] [DEBUG] views.py:index:13 index requested.
[2013-03-17 13:59:57,730] [DEBUG] views.py:data_handler:19 data_handler called.
[2013-03-17 14:09:37,471] [DEBUG] views.py:index:13 index requested.
[2013-03-17 14:09:38,891] [DEBUG] views.py:data_handler:19 data_handler called.
[2013-03-17 14:10:19,681] [DEBUG] views.py:index:13 index requested.
[2013-03-17 14:10:20,907] [DEBUG] views.py:data_handler:19 data_handler called.
[2013-03-17 14:10:36,382] [DEBUG] views.py:index:13 index requested.
[2013-03-17 14:10:37,242] [DEBUG] views.py:data_handler:19 data_handler called.
[2013-03-17 14:11:20,193] [DEBUG] views.py:index:13 index requested.
[2013-03-17 14:11:21,059] [DEBUG] views.py:data_handler:19 data_handler called.
[2013-03-17 14:12:09,319] [DEBUG] views.py:index:13 index requested.
[2013-03-17 14:12:10,213] [DEBUG] views.py:data_handler:19 data_handler called.
[2013-03-17 14:13:43,799] [DEBUG] views.py:index:13 index requested.
[2013-03-17 14:13:44,986] [DEBUG] views.py:data_handler:19 data_handler called.
[2013-03-17 14:16:16,009] [DEBUG] views.py:index:13 index requested.
[2013-03-17 14:16:17,140] [DEBUG] views.py:data_handler:19 data_handler called.
[2013-03-17 14:19:42,519] [DEBUG] views.py:index:13 index requested.
[2013-03-17 14:19:43,650] [DEBUG] views.py:data_handler:19 data_handler called.
[2013-03-17 14:19:56,131] [DEBUG] views.py:data_handler:19 data_handler called.
[2013-03-17 14:20:08,338] [DEBUG] views.py:data_handler:19 data_handler called.
[2013-03-17 14:22:14,470] [DEBUG] views.py:index:13 index requested.
[2013-03-17 14:22:16,476] [DEBUG] views.py:data_handler:19 data_handler called.
[2013-03-17 14:22:47,517] [DEBUG] views.py:index:13 index requested.
[2013-03-17 14:22:48,835] [DEBUG] views.py:data_handler:19 data_handler called.
[2013-03-17 14:23:36,263] [DEBUG] views.py:index:13 index requested.
[2013-03-17 14:23:38,003] [DEBUG] views.py:data_handler:19 data_handler called.
[2013-03-17 14:25:22,038] [DEBUG] views.py:index:13 index requested.
[2013-03-17 14:25:23,322] [DEBUG] views.py:data_handler:19 data_handler called.
[2013-03-17 14:26:15,983] [DEBUG] views.py:index:13 index requested.
[2013-03-17 14:26:17,122] [DEBUG] views.py:data_handler:19 data_handler called.
[2013-03-17 14:27:05,799] [DEBUG] views.py:index:13 index requested.
[2013-03-17 14:27:06,930] [DEBUG] views.py:data_handler:19 data_handler called.
[2013-03-17 14:28:16,941] [DEBUG] views.py:index:13 index requested.
[2013-03-17 14:28:18,154] [DEBUG] views.py:data_handler:19 data_handler called.
[2013-03-17 14:28:35,440] [DEBUG] views.py:data_handler:19 data_handler called.
[2013-03-17 14:28:36,312] [DEBUG] views.py:data_handler:19 data_handler called.
[2013-03-17 14:28:37,348] [DEBUG] views.py:index:13 index requested.
[2013-03-17 14:28:38,273] [DEBUG] views.py:data_handler:19 data_handler called.
[2013-03-17 14:28:49,312] [DEBUG] views.py:data_handler:19 data_handler called.
[2013-03-17 14:28:55,426] [DEBUG] views.py:data_handler:19 data_handler called.
[2013-03-17 14:31:10,151] [DEBUG] views.py:index:13 index requested.
[2013-03-17 14:31:11,161] [DEBUG] views.py:data_handler:19 data_handler called.
[2013-03-17 14:35:30,694] [DEBUG] views.py:index:13 index requested.
[2013-03-17 14:35:32,161] [DEBUG] views.py:data_handler:19 data_handler called.
